<?xml version="1.0" encoding="UTF-8"?>
<testng-results ignored="0" total="1" passed="1" failed="0" skipped="0">
  <reporter-output>
  </reporter-output>
  <suite started-at="2021-03-31T01:36:37 CST" name="Suite" finished-at="2021-03-31T01:36:37 CST" duration-ms="34">
    <groups>
    </groups>
    <test started-at="2021-03-31T01:36:37 CST" name="Test" finished-at="2021-03-31T01:36:37 CST" duration-ms="34">
      <class name="com.Amazon.TestCases.TestScripts">
        <test-method signature="readPropertyTest()[pri:0, instance:com.Amazon.TestCases.TestScripts@11fc564b]" started-at="2021-03-31T01:36:37 CST" name="readPropertyTest" finished-at="2021-03-31T01:36:37 CST" duration-ms="8" status="PASS">
          <reporter-output>
          </reporter-output>
        </test-method> <!-- readPropertyTest -->
      </class> <!-- com.Amazon.TestCases.TestScripts -->
    </test> <!-- Test -->
  </suite> <!-- Suite -->
</testng-results>
