<?xml version="1.0" encoding="UTF-8"?>
<testng-results ignored="0" total="1" passed="1" failed="0" skipped="0">
  <reporter-output>
  </reporter-output>
  <suite started-at="2021-03-31T02:58:05 CST" name="Default suite" finished-at="2021-03-31T02:58:11 CST" duration-ms="5877">
    <groups>
    </groups>
    <test started-at="2021-03-31T02:58:05 CST" name="Default test" finished-at="2021-03-31T02:58:11 CST" duration-ms="5877">
      <class name="com.Amazon.TestCases.TestScripts">
        <test-method signature="readPropertyTest()[pri:0, instance:com.Amazon.TestCases.TestScripts@57250572]" started-at="2021-03-31T02:58:05 CST" name="readPropertyTest" finished-at="2021-03-31T02:58:11 CST" duration-ms="5843" status="PASS">
          <reporter-output>
          </reporter-output>
        </test-method> <!-- readPropertyTest -->
      </class> <!-- com.Amazon.TestCases.TestScripts -->
    </test> <!-- Default test -->
  </suite> <!-- Default suite -->
</testng-results>
